<?xml version="1.0" encoding="UTF-8"?>
<!-- Generated by org.testng.reporters.JUnitReportReporter -->
<testsuite name="com.seleniummaven.search.Search" tests="1" time="36.594" ignored="5" failures="0" timestamp="27 May 2018 06:33:56 GMT" skipped="0" hostname="LAPTOP-ST268433" errors="1">
  <testcase name="searchResultDisplay" time="36.594" classname="com.seleniummaven.search.Search">
    <error type="java.lang.NullPointerException">
      <![CDATA[java.lang.NullPointerException
	at com.seleniummaven.uiActions.Selenium.getList(Selenium.java:1158)
	at com.seleniummaven.appFunctions.AppSpecificFns.resultDisplay(AppSpecificFns.java:74)
	at com.seleniummaven.search.Search.searchResultDisplay(Search.java:139)
	at sun.reflect.NativeMethodAccessorImpl.invoke0(Native Method)
	at sun.reflect.NativeMethodAccessorImpl.invoke(NativeMethodAccessorImpl.java:62)
	at sun.reflect.DelegatingMethodAccessorImpl.invoke(DelegatingMethodAccessorImpl.java:43)
	at java.lang.reflect.Method.invoke(Method.java:498)
	at org.testng.internal.MethodInvocationHelper.invokeMethod(MethodInvocationHelper.java:104)
	at org.testng.internal.Invoker.invokeMethod(Invoker.java:645)
	at org.testng.internal.Invoker.invokeTestMethod(Invoker.java:851)
	at org.testng.internal.Invoker.invokeTestMethods(Invoker.java:1177)
	at org.testng.internal.TestMethodWorker.invokeTestMethods(TestMethodWorker.java:129)
	at org.testng.internal.TestMethodWorker.run(TestMethodWorker.java:112)
	at org.testng.TestRunner.privateRun(TestRunner.java:756)
	at org.testng.TestRunner.run(TestRunner.java:610)
	at org.testng.SuiteRunner.runTest(SuiteRunner.java:387)
	at org.testng.SuiteRunner.runSequentially(SuiteRunner.java:382)
	at org.testng.SuiteRunner.privateRun(SuiteRunner.java:340)
	at org.testng.SuiteRunner.run(SuiteRunner.java:289)
	at org.testng.SuiteRunnerWorker.runSuite(SuiteRunnerWorker.java:52)
	at org.testng.SuiteRunnerWorker.run(SuiteRunnerWorker.java:86)
	at org.testng.TestNG.runSuitesSequentially(TestNG.java:1293)
	at org.testng.TestNG.runSuitesLocally(TestNG.java:1218)
	at org.testng.TestNG.runSuites(TestNG.java:1133)
	at org.testng.TestNG.run(TestNG.java:1104)
	at org.testng.remote.AbstractRemoteTestNG.run(AbstractRemoteTestNG.java:132)
	at org.testng.remote.RemoteTestNG.initAndRun(RemoteTestNG.java:236)
	at org.testng.remote.RemoteTestNG.main(RemoteTestNG.java:81)
]]>
    </error>
  </testcase> <!-- searchResultDisplay -->
  <testcase name="OpenProdPageBySearch" classname="com.seleniummaven.search.Search">
    <skipped/>
  </testcase> <!-- OpenProdPageBySearch -->
  <testcase name="validateSearch" classname="com.seleniummaven.search.Search">
    <skipped/>
  </testcase> <!-- validateSearch -->
  <testcase name="searchItemByEnterKey" classname="com.seleniummaven.search.Search">
    <skipped/>
  </testcase> <!-- searchItemByEnterKey -->
  <testcase name="searchUsingSpecialChar" classname="com.seleniummaven.search.Search">
    <skipped/>
  </testcase> <!-- searchUsingSpecialChar -->
  <testcase name="noResultsFound" classname="com.seleniummaven.search.Search">
    <skipped/>
  </testcase> <!-- noResultsFound -->
</testsuite> <!-- com.seleniummaven.search.Search -->
