<?xml version="1.0" encoding="UTF-8"?>
<!-- Generated by org.testng.reporters.JUnitReportReporter -->
<testsuite name="com.seleniummaven.search.test" tests="1" time="83.370" ignored="2" failures="0" timestamp="13 Aug 2019 09:14:57 GMT" skipped="0" hostname="LAPTOP-ST268433" errors="0">
  <testcase name="addReviewForWalletHub" time="83.370" classname="com.seleniummaven.search.test"/>
  <testcase name="testmethod" classname="com.seleniummaven.search.test">
    <skipped/>
  </testcase> <!-- testmethod -->
  <testcase name="testFacebookLogin" classname="com.seleniummaven.search.test">
    <skipped/>
  </testcase> <!-- testFacebookLogin -->
</testsuite> <!-- com.seleniummaven.search.test -->
