<?xml version="1.0" encoding="UTF-8"?>
<!-- Generated by org.testng.reporters.JUnitReportReporter -->
<testsuite name="com.seleniummaven.RESTTest.ReqresTest" tests="1" time="1.667" ignored="3" failures="0" timestamp="23 Aug 2019 02:50:10 GMT" skipped="0" hostname="LAPTOP-ST268433" errors="0">
  <testcase name="singleUser" time="1.667" classname="com.seleniummaven.RESTTest.ReqresTest"/>
  <testcase name="createUser" classname="com.seleniummaven.RESTTest.ReqresTest">
    <skipped/>
  </testcase> <!-- createUser -->
  <testcase name="getMultiUsers" classname="com.seleniummaven.RESTTest.ReqresTest">
    <skipped/>
  </testcase> <!-- getMultiUsers -->
  <testcase name="testGetSingleUser" classname="com.seleniummaven.RESTTest.ReqresTest">
    <skipped/>
  </testcase> <!-- testGetSingleUser -->
</testsuite> <!-- com.seleniummaven.RESTTest.ReqresTest -->
