<?xml version="1.0" encoding="UTF-8"?>
<!-- Generated by org.testng.reporters.JUnitReportReporter -->
<testsuite name="com.seleniummaven.search.Search" tests="2" time="15.459" ignored="0" failures="0" timestamp="14 Jan 2018 09:18:10 GMT" skipped="0" hostname="LAPTOP-ST268433" errors="0">
  <testcase name="OpenProdPageBySearch" time="11.068" classname="com.seleniummaven.search.Search"/>
  <testcase name="validateSearch" time="4.391" classname="com.seleniummaven.search.Search"/>
</testsuite> <!-- com.seleniummaven.search.Search -->
