<?xml version="1.0" encoding="UTF-8"?>
<!-- Generated by org.testng.reporters.JUnitReportReporter -->
<testsuite name="com.seleniummaven.RESTTest.ReqresTest" tests="1" time="4.364" ignored="1" failures="0" timestamp="18 Feb 2019 11:17:56 GMT" skipped="0" hostname="LAPTOP-ST268433" errors="0">
  <testcase name="getMultiUsers" time="4.364" classname="com.seleniummaven.RESTTest.ReqresTest"/>
  <testcase name="testGetSingleUser" classname="com.seleniummaven.RESTTest.ReqresTest">
    <skipped/>
  </testcase> <!-- testGetSingleUser -->
</testsuite> <!-- com.seleniummaven.RESTTest.ReqresTest -->
