<?xml version="1.0" encoding="UTF-8"?>
<!-- Generated by org.testng.reporters.JUnitReportReporter -->
<testsuite name="com.seleniummaven.search.Search" tests="1" time="20.590" ignored="4" failures="0" timestamp="07 Mar 2018 15:28:28 GMT" skipped="0" hostname="LAPTOP-ST268433" errors="0">
  <testcase name="searchUsingSpecialChar" time="20.590" classname="com.seleniummaven.search.Search"/>
  <testcase name="OpenProdPageBySearch" classname="com.seleniummaven.search.Search">
    <skipped/>
  </testcase> <!-- OpenProdPageBySearch -->
  <testcase name="validateSearch" classname="com.seleniummaven.search.Search">
    <skipped/>
  </testcase> <!-- validateSearch -->
  <testcase name="searchItemByEnterKey" classname="com.seleniummaven.search.Search">
    <skipped/>
  </testcase> <!-- searchItemByEnterKey -->
  <testcase name="noResultsFound" classname="com.seleniummaven.search.Search">
    <skipped/>
  </testcase> <!-- noResultsFound -->
</testsuite> <!-- com.seleniummaven.search.Search -->
