<?xml version="1.0" encoding="UTF-8"?>
<!-- Generated by org.testng.reporters.JUnitReportReporter -->
<testsuite name="com.seleniummaven.search.Search" tests="1" time="11.621" ignored="5" failures="0" timestamp="30 Jun 2018 03:41:40 GMT" skipped="0" hostname="mathina-PC" errors="0">
  <testcase name="searchUsingSpecialChar" time="11.621" classname="com.seleniummaven.search.Search"/>
  <testcase name="OpenProdPageBySearch" classname="com.seleniummaven.search.Search">
    <skipped/>
  </testcase> <!-- OpenProdPageBySearch -->
  <testcase name="searchResultDisplay" classname="com.seleniummaven.search.Search">
    <skipped/>
  </testcase> <!-- searchResultDisplay -->
  <testcase name="validateSearch" classname="com.seleniummaven.search.Search">
    <skipped/>
  </testcase> <!-- validateSearch -->
  <testcase name="searchItemByEnterKey" classname="com.seleniummaven.search.Search">
    <skipped/>
  </testcase> <!-- searchItemByEnterKey -->
  <testcase name="noResultsFound" classname="com.seleniummaven.search.Search">
    <skipped/>
  </testcase> <!-- noResultsFound -->
</testsuite> <!-- com.seleniummaven.search.Search -->
