<?xml version="1.0" encoding="UTF-8"?>
<!-- Generated by org.testng.reporters.JUnitReportReporter -->
<testsuite name="com.seleniummaven.search.ShoppingCartTest" tests="1" time="0.015" ignored="0" failures="0" timestamp="28 Mar 2020 17:41:35 GMT" skipped="0" hostname="LAPTOP-ST268433" errors="0">
  <testcase name="testCartEmpty" time="0.015" classname="com.seleniummaven.search.ShoppingCartTest"/>
</testsuite> <!-- com.seleniummaven.search.ShoppingCartTest -->
