<?xml version="1.0" encoding="UTF-8"?>
<!-- Generated by org.testng.reporters.JUnitReportReporter -->
<testsuite name="com.testWalletHub.modules.Login" tests="1" time="8.887" ignored="0" failures="0" timestamp="29 Mar 2020 07:49:54 GMT" skipped="0" hostname="LAPTOP-ST268433" errors="0">
  <testcase name="verifyLogin" time="8.887" classname="com.testWalletHub.modules.Login"/>
</testsuite> <!-- com.testWalletHub.modules.Login -->
