<?xml version="1.0" encoding="UTF-8"?>
<!-- Generated by org.testng.reporters.JUnitReportReporter -->
<testsuite name="com.seleniummaven.search.Search" tests="1" time="22.914" ignored="1" failures="0" timestamp="16 Jan 2018 12:50:45 GMT" skipped="0" hostname="LAPTOP-ST268433" errors="0">
  <testcase name="validateSearch" time="22.914" classname="com.seleniummaven.search.Search"/>
  <testcase name="OpenProdPageBySearch" classname="com.seleniummaven.search.Search">
    <skipped/>
  </testcase> <!-- OpenProdPageBySearch -->
</testsuite> <!-- com.seleniummaven.search.Search -->
