<?xml version="1.0" encoding="UTF-8"?>
<!-- Generated by org.testng.reporters.JUnitReportReporter -->
<testsuite name="com.seleniummaven.search.Search" tests="1" time="14.822" ignored="5" failures="0" timestamp="28 Mar 2020 14:42:45 GMT" skipped="0" hostname="LAPTOP-ST268433" errors="0">
  <testcase name="searchUsingSpecialChar" time="14.822" classname="com.seleniummaven.search.Search"/>
  <testcase name="OpenProdPageBySearch" classname="com.seleniummaven.search.Search">
    <skipped/>
  </testcase> <!-- OpenProdPageBySearch -->
  <testcase name="searchResultDisplay" classname="com.seleniummaven.search.Search">
    <skipped/>
  </testcase> <!-- searchResultDisplay -->
  <testcase name="validateSearch" classname="com.seleniummaven.search.Search">
    <skipped/>
  </testcase> <!-- validateSearch -->
  <testcase name="searchItemByEnterKey" classname="com.seleniummaven.search.Search">
    <skipped/>
  </testcase> <!-- searchItemByEnterKey -->
  <testcase name="noResultsFound" classname="com.seleniummaven.search.Search">
    <skipped/>
  </testcase> <!-- noResultsFound -->
</testsuite> <!-- com.seleniummaven.search.Search -->
