<?xml version="1.0" encoding="UTF-8"?>
<!-- Generated by org.testng.reporters.JUnitReportReporter -->
<testsuite name="com.seleniummaven.search.Search" tests="1" time="20.777" ignored="3" failures="0" timestamp="22 Jan 2018 16:14:05 GMT" skipped="0" hostname="LAPTOP-ST268433" errors="0">
  <testcase name="searchItemByEnterKey" time="20.777" classname="com.seleniummaven.search.Search"/>
  <testcase name="OpenProdPageBySearch" classname="com.seleniummaven.search.Search">
    <skipped/>
  </testcase> <!-- OpenProdPageBySearch -->
  <testcase name="validateSearch" classname="com.seleniummaven.search.Search">
    <skipped/>
  </testcase> <!-- validateSearch -->
  <testcase name="noResultsFound" classname="com.seleniummaven.search.Search">
    <skipped/>
  </testcase> <!-- noResultsFound -->
</testsuite> <!-- com.seleniummaven.search.Search -->
