<?xml version="1.0" encoding="UTF-8"?>
<!-- Generated by org.testng.reporters.JUnitReportReporter -->
<testsuite name="com.seleniummaven.search.Search" tests="2" time="15.726" ignored="0" failures="0" timestamp="15 Jan 2018 11:03:05 GMT" skipped="0" hostname="LAPTOP-ST268433" errors="0">
  <testcase name="OpenProdPageBySearch" time="11.609" classname="com.seleniummaven.search.Search"/>
  <testcase name="validateSearch" time="4.117" classname="com.seleniummaven.search.Search"/>
</testsuite> <!-- com.seleniummaven.search.Search -->
